[debug] [2024-04-29T19:32:19.079Z] ----------------------------------------------------------------------
[debug] [2024-04-29T19:32:19.087Z] Command:       C:\Program Files\nodejs\node.exe C:\Users\Kevin Mranda\AppData\Roaming\npm\node_modules\firebase-tools\lib\bin\firebase.js init
[debug] [2024-04-29T19:32:19.088Z] CLI Version:   13.7.5
[debug] [2024-04-29T19:32:19.089Z] Platform:      win32
[debug] [2024-04-29T19:32:19.090Z] Node Version:  v19.7.0
[debug] [2024-04-29T19:32:19.090Z] Time:          Mon Apr 29 2024 22:32:19 GMT+0300 (East Africa Time)
[debug] [2024-04-29T19:32:19.090Z] ----------------------------------------------------------------------
[debug] 
[debug] [2024-04-29T19:32:19.106Z] > command requires scopes: ["email","openid","https://www.googleapis.com/auth/cloudplatformprojects.readonly","https://www.googleapis.com/auth/firebase","https://www.googleapis.com/auth/cloud-platform"]
[debug] [2024-04-29T19:32:19.107Z] > authorizing via signed-in user (kevinmranda042@gmail.com)
[info] 
     ######## #### ########  ######## ########     ###     ######  ########
     ##        ##  ##     ## ##       ##     ##  ##   ##  ##       ##
     ######    ##  ########  ######   ########  #########  ######  ######
     ##        ##  ##    ##  ##       ##     ## ##     ##       ## ##
     ##       #### ##     ## ######## ########  ##     ##  ######  ########

You're about to initialize a Firebase project in this directory:

  C:\My Web Sites\kelvinsage

Before we get started, keep in mind:

  * You are currently outside your home directory

[info] 
=== Project Setup
[info] 
[info] First, let's associate this project directory with a Firebase project.
[info] You can create multiple project aliases by running firebase use --add, 
[info] but for now we'll just set up a default project.
[info] 
[debug] [2024-04-29T19:34:27.486Z] >>> [apiv2][query] GET https://firebase.googleapis.com/v1beta1/projects pageSize=100
[debug] [2024-04-29T19:34:29.531Z] <<< [apiv2][status] GET https://firebase.googleapis.com/v1beta1/projects 200
[debug] [2024-04-29T19:34:29.531Z] <<< [apiv2][body] GET https://firebase.googleapis.com/v1beta1/projects [omitted]
[info] i  Using project kelvinsage-97123 (kelvinsage) 
[info] 
=== Functions Setup
[debug] [2024-04-29T19:35:00.228Z] > command requires scopes: ["email","openid","https://www.googleapis.com/auth/cloudplatformprojects.readonly","https://www.googleapis.com/auth/firebase","https://www.googleapis.com/auth/cloud-platform"]
[debug] [2024-04-29T19:35:00.228Z] > authorizing via signed-in user (kevinmranda042@gmail.com)
[debug] [2024-04-29T19:35:00.229Z] [iam] checking project kelvinsage-97123 for permissions ["firebase.projects.get"]
[debug] [2024-04-29T19:35:00.229Z] >>> [apiv2][query] POST https://cloudresourcemanager.googleapis.com/v1/projects/kelvinsage-97123:testIamPermissions [none]
[debug] [2024-04-29T19:35:00.229Z] >>> [apiv2][(partial)header] POST https://cloudresourcemanager.googleapis.com/v1/projects/kelvinsage-97123:testIamPermissions x-goog-quota-user=projects/kelvinsage-97123
[debug] [2024-04-29T19:35:00.230Z] >>> [apiv2][body] POST https://cloudresourcemanager.googleapis.com/v1/projects/kelvinsage-97123:testIamPermissions {"permissions":["firebase.projects.get"]}
[debug] [2024-04-29T19:35:02.395Z] <<< [apiv2][status] POST https://cloudresourcemanager.googleapis.com/v1/projects/kelvinsage-97123:testIamPermissions 200
[debug] [2024-04-29T19:35:02.396Z] <<< [apiv2][body] POST https://cloudresourcemanager.googleapis.com/v1/projects/kelvinsage-97123:testIamPermissions {"permissions":["firebase.projects.get"]}
[debug] [2024-04-29T19:35:02.399Z] >>> [apiv2][query] GET https://serviceusage.googleapis.com/v1/projects/kelvinsage-97123/services/cloudfunctions.googleapis.com [none]
[debug] [2024-04-29T19:35:02.399Z] >>> [apiv2][(partial)header] GET https://serviceusage.googleapis.com/v1/projects/kelvinsage-97123/services/cloudfunctions.googleapis.com x-goog-quota-user=projects/kelvinsage-97123
[debug] [2024-04-29T19:35:02.403Z] >>> [apiv2][query] GET https://serviceusage.googleapis.com/v1/projects/kelvinsage-97123/services/runtimeconfig.googleapis.com [none]
[debug] [2024-04-29T19:35:02.404Z] >>> [apiv2][(partial)header] GET https://serviceusage.googleapis.com/v1/projects/kelvinsage-97123/services/runtimeconfig.googleapis.com x-goog-quota-user=projects/kelvinsage-97123
[debug] [2024-04-29T19:35:04.649Z] <<< [apiv2][status] GET https://serviceusage.googleapis.com/v1/projects/kelvinsage-97123/services/cloudfunctions.googleapis.com 200
[debug] [2024-04-29T19:35:04.650Z] <<< [apiv2][body] GET https://serviceusage.googleapis.com/v1/projects/kelvinsage-97123/services/cloudfunctions.googleapis.com [omitted]
[debug] [2024-04-29T19:35:04.652Z] >>> [apiv2][query] POST https://serviceusage.googleapis.com/v1/projects/kelvinsage-97123/services/cloudfunctions.googleapis.com:enable [none]
[debug] [2024-04-29T19:35:04.652Z] >>> [apiv2][(partial)header] POST https://serviceusage.googleapis.com/v1/projects/kelvinsage-97123/services/cloudfunctions.googleapis.com:enable x-goog-quota-user=projects/kelvinsage-97123
[debug] [2024-04-29T19:35:05.251Z] <<< [apiv2][status] GET https://serviceusage.googleapis.com/v1/projects/kelvinsage-97123/services/runtimeconfig.googleapis.com 200
[debug] [2024-04-29T19:35:05.251Z] <<< [apiv2][body] GET https://serviceusage.googleapis.com/v1/projects/kelvinsage-97123/services/runtimeconfig.googleapis.com [omitted]
[debug] [2024-04-29T19:35:07.076Z] <<< [apiv2][status] POST https://serviceusage.googleapis.com/v1/projects/kelvinsage-97123/services/cloudfunctions.googleapis.com:enable 200
[debug] [2024-04-29T19:35:07.077Z] <<< [apiv2][body] POST https://serviceusage.googleapis.com/v1/projects/kelvinsage-97123/services/cloudfunctions.googleapis.com:enable [omitted]
[debug] [2024-04-29T19:35:17.079Z] >>> [apiv2][query] GET https://serviceusage.googleapis.com/v1/projects/kelvinsage-97123/services/cloudfunctions.googleapis.com [none]
[debug] [2024-04-29T19:35:17.080Z] >>> [apiv2][(partial)header] GET https://serviceusage.googleapis.com/v1/projects/kelvinsage-97123/services/cloudfunctions.googleapis.com x-goog-quota-user=projects/kelvinsage-97123
[debug] [2024-04-29T19:35:19.344Z] <<< [apiv2][status] GET https://serviceusage.googleapis.com/v1/projects/kelvinsage-97123/services/cloudfunctions.googleapis.com 200
[debug] [2024-04-29T19:35:19.345Z] <<< [apiv2][body] GET https://serviceusage.googleapis.com/v1/projects/kelvinsage-97123/services/cloudfunctions.googleapis.com [omitted]
[info] Let's create a new codebase for your functions.
[info] A directory corresponding to the codebase will be created in your project
[info] with sample code pre-configured.

[info] See https://firebase.google.com/docs/functions/organize-functions for
[info] more information on organizing your functions using codebases.

[info] Functions can be deployed with firebase deploy.

[debug] [2024-04-29T19:36:26.287Z] ----------------------------------------------------------------------
[debug] [2024-04-29T19:36:26.290Z] Command:       C:\Program Files\nodejs\node.exe C:\Users\Kevin Mranda\AppData\Roaming\npm\node_modules\firebase-tools\lib\bin\firebase.js init
[debug] [2024-04-29T19:36:26.291Z] CLI Version:   13.7.5
[debug] [2024-04-29T19:36:26.291Z] Platform:      win32
[debug] [2024-04-29T19:36:26.292Z] Node Version:  v19.7.0
[debug] [2024-04-29T19:36:26.292Z] Time:          Mon Apr 29 2024 22:36:26 GMT+0300 (East Africa Time)
[debug] [2024-04-29T19:36:26.292Z] ----------------------------------------------------------------------
[debug] 
[debug] [2024-04-29T19:36:26.301Z] > command requires scopes: ["email","openid","https://www.googleapis.com/auth/cloudplatformprojects.readonly","https://www.googleapis.com/auth/firebase","https://www.googleapis.com/auth/cloud-platform"]
[debug] [2024-04-29T19:36:26.301Z] > authorizing via signed-in user (kevinmranda042@gmail.com)
[info] 
     ######## #### ########  ######## ########     ###     ######  ########
     ##        ##  ##     ## ##       ##     ##  ##   ##  ##       ##
     ######    ##  ########  ######   ########  #########  ######  ######
     ##        ##  ##    ##  ##       ##     ## ##     ##       ## ##
     ##       #### ##     ## ######## ########  ##     ##  ######  ########

You're about to initialize a Firebase project in this directory:

  C:\My Web Sites\kelvinsage

Before we get started, keep in mind:

  * You are currently outside your home directory

[info] 
=== Project Setup
[info] 
[info] First, let's associate this project directory with a Firebase project.
[info] You can create multiple project aliases by running firebase use --add, 
[info] but for now we'll just set up a default project.
[info] 
[debug] [2024-04-29T19:37:03.339Z] >>> [apiv2][query] GET https://firebase.googleapis.com/v1beta1/projects pageSize=100
[debug] [2024-04-29T19:37:04.457Z] <<< [apiv2][status] GET https://firebase.googleapis.com/v1beta1/projects 200
[debug] [2024-04-29T19:37:04.457Z] <<< [apiv2][body] GET https://firebase.googleapis.com/v1beta1/projects [omitted]
[info] i  Using project kelvinsage-97123 (kelvinsage) 
[info] 
=== Hosting Setup
[debug] [2024-04-29T19:37:11.267Z] >>> [apiv2][query] GET https://firebase.googleapis.com/v1beta1/projects/kelvinsage-97123 [none]
[debug] [2024-04-29T19:37:12.039Z] <<< [apiv2][status] GET https://firebase.googleapis.com/v1beta1/projects/kelvinsage-97123 200
[debug] [2024-04-29T19:37:12.040Z] <<< [apiv2][body] GET https://firebase.googleapis.com/v1beta1/projects/kelvinsage-97123 {"projectId":"kelvinsage-97123","projectNumber":"808527488657","displayName":"kelvinsage","name":"projects/kelvinsage-97123","resources":{"hostingSite":"kelvinsage-97123"},"state":"ACTIVE","etag":"1_99707137-c6b2-4b1f-a088-a3c2d584e0d6"}
[info] 
[info] Your public directory is the folder (relative to your project directory) that
[info] will contain Hosting assets to be uploaded with firebase deploy. If you
[info] have a build process for your assets, use your build's output directory.
[info] 
